<?xml version="1.0" encoding="UTF-8"?>
<testng-results skipped="0" failed="0" ignored="0" total="1" passed="1">
  <reporter-output>
  </reporter-output>
  <suite name="Default suite" duration-ms="5376" started-at="2018-08-28T07:11:44Z" finished-at="2018-08-28T07:11:50Z">
    <groups>
    </groups>
    <test name="Default test" duration-ms="5376" started-at="2018-08-28T07:11:44Z" finished-at="2018-08-28T07:11:50Z">
      <class name="qa.com.rest.test.GetCallBDD">
        <test-method status="PASS" signature="GetWeatherDetails()[pri:0, instance:qa.com.rest.test.GetCallBDD@28feb3fa]" name="GetWeatherDetails" duration-ms="5352" started-at="2018-08-28T07:11:44Z" finished-at="2018-08-28T07:11:50Z">
          <reporter-output>
          </reporter-output>
        </test-method> <!-- GetWeatherDetails -->
      </class> <!-- qa.com.rest.test.GetCallBDD -->
    </test> <!-- Default test -->
  </suite> <!-- Default suite -->
</testng-results>
